<?xml version="1.0" encoding="UTF-8"?>
<testng-results skipped="0" failed="0" ignored="0" total="1" passed="1">
  <reporter-output>
  </reporter-output>
  <suite name="Surefire suite" duration-ms="7184" started-at="2018-12-27T09:27:50Z" finished-at="2018-12-27T09:27:57Z">
    <groups>
    </groups>
    <test name="Surefire test" duration-ms="7184" started-at="2018-12-27T09:27:50Z" finished-at="2018-12-27T09:27:57Z">
      <class name="com.altius.automation.TestAutomation">
        <test-method status="PASS" signature="beforeExecution()[pri:0, instance:com.altius.automation.TestAutomation@3cda1055]" name="beforeExecution" is-config="true" duration-ms="2756" started-at="2018-12-27T09:27:50Z" finished-at="2018-12-27T09:27:53Z">
          <reporter-output>
          </reporter-output>
        </test-method> <!-- beforeExecution -->
        <test-method status="PASS" signature="sampleTest()[pri:0, instance:com.altius.automation.TestAutomation@3cda1055]" name="sampleTest" duration-ms="4389" started-at="2018-12-27T09:27:53Z" finished-at="2018-12-27T09:27:57Z">
          <reporter-output>
          </reporter-output>
        </test-method> <!-- sampleTest -->
      </class> <!-- com.altius.automation.TestAutomation -->
    </test> <!-- Surefire test -->
  </suite> <!-- Surefire suite -->
</testng-results>
